----------------------------------------------------------------
Wed May 19 08:33:09 IST 2021:
Booting Derby version The Apache Software Foundation - Apache Derby - 10.14.2.0 - (1828579): instance a816c00e-0179-8293-b1b3-000000a76950 
on database directory memory:D:\frontend\reveal-postbox\af7ecba2-ee5b-4ad7-83e8-4ab631a4d0ed with class loader jdk.internal.loader.ClassLoaders$AppClassLoader@4e0e2f2a 
Loaded from file:/C:/Users/ltangell/.m2/repository/org/apache/derby/derby/10.14.2.0/derby-10.14.2.0.jar
java.vendor=Oracle Corporation
java.runtime.version=12.0.1+12
user.dir=D:\frontend\reveal-postbox
os.name=Windows 10
os.arch=amd64
os.version=10.0
derby.system.home=null
Database Class Loader started - derby.database.classpath=''
----------------------------------------------------------------
Wed May 19 08:35:20 IST 2021:
Shutting down instance a816c00e-0179-8293-b1b3-000000a76950 on database directory memory:D:\frontend\reveal-postbox\af7ecba2-ee5b-4ad7-83e8-4ab631a4d0ed with class loader jdk.internal.loader.ClassLoaders$AppClassLoader@4e0e2f2a 
----------------------------------------------------------------
Wed May 19 08:35:22 IST 2021:
Booting Derby version The Apache Software Foundation - Apache Derby - 10.14.2.0 - (1828579): instance df1940da-0179-8293-b1b3-000000a76950 
on database directory memory:D:\frontend\reveal-postbox\2558f443-103a-4eec-9da1-5bb2f566bdb1 with class loader jdk.internal.loader.ClassLoaders$AppClassLoader@4e0e2f2a 
Loaded from file:/C:/Users/ltangell/.m2/repository/org/apache/derby/derby/10.14.2.0/derby-10.14.2.0.jar
java.vendor=Oracle Corporation
java.runtime.version=12.0.1+12
user.dir=D:\frontend\reveal-postbox
os.name=Windows 10
os.arch=amd64
os.version=10.0
derby.system.home=null
Database Class Loader started - derby.database.classpath=''
----------------------------------------------------------------
Wed May 19 08:37:21 IST 2021:
Shutting down instance df1940da-0179-8293-b1b3-000000a76950 on database directory memory:D:\frontend\reveal-postbox\2558f443-103a-4eec-9da1-5bb2f566bdb1 with class loader jdk.internal.loader.ClassLoaders$AppClassLoader@4e0e2f2a 
----------------------------------------------------------------
Wed May 19 08:37:23 IST 2021:
Booting Derby version The Apache Software Foundation - Apache Derby - 10.14.2.0 - (1828579): instance dd1c41a2-0179-8293-b1b3-000000a76950 
on database directory memory:D:\frontend\reveal-postbox\9b6a32ad-bb7d-4ae1-b551-aabaa54505dc with class loader jdk.internal.loader.ClassLoaders$AppClassLoader@4e0e2f2a 
Loaded from file:/C:/Users/ltangell/.m2/repository/org/apache/derby/derby/10.14.2.0/derby-10.14.2.0.jar
java.vendor=Oracle Corporation
java.runtime.version=12.0.1+12
user.dir=D:\frontend\reveal-postbox
os.name=Windows 10
os.arch=amd64
os.version=10.0
derby.system.home=null
Database Class Loader started - derby.database.classpath=''
----------------------------------------------------------------
Wed May 19 08:37:23 IST 2021:
Shutting down instance dd1c41a2-0179-8293-b1b3-000000a76950 on database directory memory:D:\frontend\reveal-postbox\9b6a32ad-bb7d-4ae1-b551-aabaa54505dc with class loader jdk.internal.loader.ClassLoaders$AppClassLoader@4e0e2f2a 
----------------------------------------------------------------
Wed May 19 08:37:50 IST 2021:
Booting Derby version The Apache Software Foundation - Apache Derby - 10.14.2.0 - (1828579): instance 78a9425a-0179-8293-b1b3-000000a76950 
on database directory memory:D:\frontend\reveal-postbox\805cd488-ff8f-4855-b551-705c0c992c70 with class loader jdk.internal.loader.ClassLoaders$AppClassLoader@4e0e2f2a 
Loaded from file:/C:/Users/ltangell/.m2/repository/org/apache/derby/derby/10.14.2.0/derby-10.14.2.0.jar
java.vendor=Oracle Corporation
java.runtime.version=12.0.1+12
user.dir=D:\frontend\reveal-postbox
os.name=Windows 10
os.arch=amd64
os.version=10.0
derby.system.home=null
Database Class Loader started - derby.database.classpath=''
----------------------------------------------------------------
Wed May 19 08:37:51 IST 2021:
Shutting down instance 78a9425a-0179-8293-b1b3-000000a76950 on database directory memory:D:\frontend\reveal-postbox\805cd488-ff8f-4855-b551-705c0c992c70 with class loader jdk.internal.loader.ClassLoaders$AppClassLoader@4e0e2f2a 
----------------------------------------------------------------
Wed May 19 08:38:45 IST 2021:
Booting Derby version The Apache Software Foundation - Apache Derby - 10.14.2.0 - (1828579): instance 35464312-0179-8293-b1b3-000000a76950 
on database directory memory:D:\frontend\reveal-postbox\b5e989b7-daab-455e-bf4c-4558a5dc1400 with class loader jdk.internal.loader.ClassLoaders$AppClassLoader@4e0e2f2a 
Loaded from file:/C:/Users/ltangell/.m2/repository/org/apache/derby/derby/10.14.2.0/derby-10.14.2.0.jar
java.vendor=Oracle Corporation
java.runtime.version=12.0.1+12
user.dir=D:\frontend\reveal-postbox
os.name=Windows 10
os.arch=amd64
os.version=10.0
derby.system.home=null
Database Class Loader started - derby.database.classpath=''
----------------------------------------------------------------
Wed May 19 08:39:18 IST 2021:
Shutting down instance 35464312-0179-8293-b1b3-000000a76950 on database directory memory:D:\frontend\reveal-postbox\b5e989b7-daab-455e-bf4c-4558a5dc1400 with class loader jdk.internal.loader.ClassLoaders$AppClassLoader@4e0e2f2a 
----------------------------------------------------------------
Wed May 19 08:39:19 IST 2021:
Booting Derby version The Apache Software Foundation - Apache Derby - 10.14.2.0 - (1828579): instance 12f343ca-0179-8293-b1b3-000000a76950 
on database directory memory:D:\frontend\reveal-postbox\88c95383-0c76-4ca2-89d5-ddd3c3239518 with class loader jdk.internal.loader.ClassLoaders$AppClassLoader@4e0e2f2a 
Loaded from file:/C:/Users/ltangell/.m2/repository/org/apache/derby/derby/10.14.2.0/derby-10.14.2.0.jar
java.vendor=Oracle Corporation
java.runtime.version=12.0.1+12
user.dir=D:\frontend\reveal-postbox
os.name=Windows 10
os.arch=amd64
os.version=10.0
derby.system.home=null
Database Class Loader started - derby.database.classpath=''
----------------------------------------------------------------
Wed May 19 08:40:47 IST 2021:
Shutting down instance 12f343ca-0179-8293-b1b3-000000a76950 on database directory memory:D:\frontend\reveal-postbox\88c95383-0c76-4ca2-89d5-ddd3c3239518 with class loader jdk.internal.loader.ClassLoaders$AppClassLoader@4e0e2f2a 
----------------------------------------------------------------
Wed May 19 08:40:48 IST 2021:
Booting Derby version The Apache Software Foundation - Apache Derby - 10.14.2.0 - (1828579): instance 11b04482-0179-8293-b1b3-000000a76950 
on database directory memory:D:\frontend\reveal-postbox\96d7a71f-1fb6-4633-afe6-6c7ff31aedb9 with class loader jdk.internal.loader.ClassLoaders$AppClassLoader@4e0e2f2a 
Loaded from file:/C:/Users/ltangell/.m2/repository/org/apache/derby/derby/10.14.2.0/derby-10.14.2.0.jar
java.vendor=Oracle Corporation
java.runtime.version=12.0.1+12
user.dir=D:\frontend\reveal-postbox
os.name=Windows 10
os.arch=amd64
os.version=10.0
derby.system.home=null
Database Class Loader started - derby.database.classpath=''
----------------------------------------------------------------
Wed May 19 08:41:37 IST 2021:
Shutting down instance 11b04482-0179-8293-b1b3-000000a76950 on database directory memory:D:\frontend\reveal-postbox\96d7a71f-1fb6-4633-afe6-6c7ff31aedb9 with class loader jdk.internal.loader.ClassLoaders$AppClassLoader@4e0e2f2a 
----------------------------------------------------------------
Wed May 19 08:41:38 IST 2021:
Booting Derby version The Apache Software Foundation - Apache Derby - 10.14.2.0 - (1828579): instance 317d453a-0179-8293-b1b3-000000a76950 
on database directory memory:D:\frontend\reveal-postbox\2f398421-2073-4e23-a050-c272ebcc64aa with class loader jdk.internal.loader.ClassLoaders$AppClassLoader@4e0e2f2a 
Loaded from file:/C:/Users/ltangell/.m2/repository/org/apache/derby/derby/10.14.2.0/derby-10.14.2.0.jar
java.vendor=Oracle Corporation
java.runtime.version=12.0.1+12
user.dir=D:\frontend\reveal-postbox
os.name=Windows 10
os.arch=amd64
os.version=10.0
derby.system.home=null
Database Class Loader started - derby.database.classpath=''
